Determining if the pthread_create exist failed with the following output:
Change Dir: /home/sam/work/ROSPro/obstacle_detector/build/CMakeFiles/CMakeTmp

Run Build Command:"/usr/bin/make" "cmTC_ba5da/fast"
/usr/bin/make -f CMakeFiles/cmTC_ba5da.dir/build.make CMakeFiles/cmTC_ba5da.dir/build
make[1]: Entering directory '/home/sam/work/ROSPro/obstacle_detector/build/CMakeFiles/CMakeTmp'
Building C object CMakeFiles/cmTC_ba5da.dir/CheckSymbolExists.c.o
/usr/bin/gcc-5     -o CMakeFiles/cmTC_ba5da.dir/CheckSymbolExists.c.o   -c /home/sam/work/ROSPro/obstacle_detector/build/CMakeFiles/CMakeTmp/CheckSymbolExists.c
Linking C executable cmTC_ba5da
/usr/bin/cmake -E cmake_link_script CMakeFiles/cmTC_ba5da.dir/link.txt --verbose=1
/usr/bin/gcc-5       CMakeFiles/cmTC_ba5da.dir/CheckSymbolExists.c.o  -o cmTC_ba5da -rdynamic 
CMakeFiles/cmTC_ba5da.dir/CheckSymbolExists.c.o: In function `main':
CheckSymbolExists.c:(.text+0x16): undefined reference to `pthread_create'
collect2: error: ld returned 1 exit status
CMakeFiles/cmTC_ba5da.dir/build.make:97: recipe for target 'cmTC_ba5da' failed
make[1]: *** [cmTC_ba5da] Error 1
make[1]: Leaving directory '/home/sam/work/ROSPro/obstacle_detector/build/CMakeFiles/CMakeTmp'
Makefile:126: recipe for target 'cmTC_ba5da/fast' failed
make: *** [cmTC_ba5da/fast] Error 2

File /home/sam/work/ROSPro/obstacle_detector/build/CMakeFiles/CMakeTmp/CheckSymbolExists.c:
/* */
#include <pthread.h>

int main(int argc, char** argv)
{
  (void)argv;
#ifndef pthread_create
  return ((int*)(&pthread_create))[argc];
#else
  (void)argc;
  return 0;
#endif
}

Determining if the function pthread_create exists in the pthreads failed with the following output:
Change Dir: /home/sam/work/ROSPro/obstacle_detector/build/CMakeFiles/CMakeTmp

Run Build Command:"/usr/bin/make" "cmTC_d1f51/fast"
/usr/bin/make -f CMakeFiles/cmTC_d1f51.dir/build.make CMakeFiles/cmTC_d1f51.dir/build
make[1]: Entering directory '/home/sam/work/ROSPro/obstacle_detector/build/CMakeFiles/CMakeTmp'
Building C object CMakeFiles/cmTC_d1f51.dir/CheckFunctionExists.c.o
/usr/bin/gcc-5    -DCHECK_FUNCTION_EXISTS=pthread_create   -o CMakeFiles/cmTC_d1f51.dir/CheckFunctionExists.c.o   -c /usr/share/cmake-3.5/Modules/CheckFunctionExists.c
Linking C executable cmTC_d1f51
/usr/bin/cmake -E cmake_link_script CMakeFiles/cmTC_d1f51.dir/link.txt --verbose=1
/usr/bin/gcc-5   -DCHECK_FUNCTION_EXISTS=pthread_create    CMakeFiles/cmTC_d1f51.dir/CheckFunctionExists.c.o  -o cmTC_d1f51 -rdynamic -lpthreads 
/usr/bin/ld: cannot find -lpthreads
collect2: error: ld returned 1 exit status
CMakeFiles/cmTC_d1f51.dir/build.make:97: recipe for target 'cmTC_d1f51' failed
make[1]: *** [cmTC_d1f51] Error 1
make[1]: Leaving directory '/home/sam/work/ROSPro/obstacle_detector/build/CMakeFiles/CMakeTmp'
Makefile:126: recipe for target 'cmTC_d1f51/fast' failed
make: *** [cmTC_d1f51/fast] Error 2


